Sly Moore
R5-D4
Grievous
Obi-Wan Kenobi
Eeth Koth
Lando Calrissian
Luke Skywalker
Wilhuff Tarkin
Raymus Antilles
Wedge Antilles
Kit Fisto
Bossk
Mace Windu
Poggle the Lesser
R2-D2
C-3PO
Jek Tono Porkins
Yoda
Leia Organa
Shaak Ti
Saesee Tiin
Owen Lars
Bib Fortuna
Tarfful
Palpatine
Wicket Systri Warrick
Nien Nunb
Plo Koon
Biggs Darklighter
Darth Vader
Greedo
Luminara Unduli
Anakin Skywalker
Padmé Amidala
IG-88
Beru Whitesun lars
R4-P17
Ki-Adi-Mundi
Arvel Crynyd
Ackbar
Jabba Desilijic Tiure
Chewbacca
Tion Medon
Dooku
Bail Prestor Organa
Mon Mothma
Ayla Secura
Nute Gunray
Lobot
Han Solo
Boba Fett
Adi Gallia
