Anakin Skywalker
Adi Gallia
Luminara Unduli
Arvel Crynyd
Dooku
Jabba Desilijic Tiure
Shaak Ti
R2-D2
Jek Tono Porkins
Obi-Wan Kenobi
Lobot
R4-P17
Beru Whitesun lars
Owen Lars
Palpatine
Eeth Koth
Yoda
Ackbar
Raymus Antilles
Mon Mothma
Nute Gunray
Biggs Darklighter
Bib Fortuna
Tion Medon
Luke Skywalker
Kit Fisto
Nien Nunb
Ki-Adi-Mundi
Sly Moore
Boba Fett
Han Solo
Poggle the Lesser
Wedge Antilles
Plo Koon
Wilhuff Tarkin
R5-D4
Bail Prestor Organa
Lando Calrissian
Padmé Amidala
Bossk
Mace Windu
Tarfful
Darth Vader
Wicket Systri Warrick
Saesee Tiin
Ayla Secura
C-3PO
Grievous
Greedo
Leia Organa
IG-88
Chewbacca
